<?xml version="1.0" encoding="UTF-8"?>
<!-- Generated by org.testng.reporters.JUnitReportReporter -->
<testsuite hostname="ITEM-S138736" failures="0" tests="1" name="TestNG.day1" time="0.006" errors="0" timestamp="2023-08-08T10:42:05 IST" skipped="0">
  <testcase classname="TestNG.day1" name="Demo" time="0.006"/>
</testsuite> <!-- TestNG.day1 -->
