<?xml version="1.0" encoding="UTF-8"?>
<!-- Generated by org.testng.reporters.JUnitReportReporter -->
<testsuite hostname="ITEM-S138736" failures="0" tests="1" name="test1" time="0.009" errors="0" timestamp="2023-08-04T16:37:32 IST" skipped="0">
  <testcase classname="test1" name="regular" time="0.009"/>
</testsuite> <!-- test1 -->
