<?xml version="1.0" encoding="UTF-8"?>
<!-- Generated by org.testng.reporters.JUnitReportReporter -->
<testsuite hostname="ITEM-S138736" failures="0" tests="1" name="JavaStreams.test1" time="0.006" errors="0" timestamp="2023-08-07T16:47:15 IST" skipped="0">
  <testcase classname="JavaStreams.test1" name="Demo" time="0.006"/>
</testsuite> <!-- JavaStreams.test1 -->
